<?xml version="1.0" encoding="UTF-8"?>
<!-- Generated by org.testng.reporters.JUnitReportReporter -->
<testsuite skipped="0" hostname="Oleksandrs-MacBook-Pro.local" name="com.app.runners.CukesRunner" tests="1" failures="0" timestamp="29 Jul 2018 15:54:39 GMT" time="0.016" errors="1">
  <testcase name="runScenario" time="0.016" classname="com.app.runners.CukesRunner">
    <error/>
  </testcase> <!-- runScenario -->
</testsuite> <!-- com.app.runners.CukesRunner -->
